<?xml version="1.0" encoding="UTF-8"?>
<!-- Generated by org.testng.reporters.JUnitXMLReporter -->
<testsuite hostname="LAPTOP-3O39E0OU" ignored="0" name="Default test" tests="2" failures="0" timestamp="2020-04-16T14:54:33 IST" time="30.417" errors="0">
  <testcase name="runScenario" time="19.734" classname="io.cucumber.testng.AbstractTestNGCucumberTests"/>
  <testcase name="runScenario" time="30.121" classname="io.cucumber.testng.AbstractTestNGCucumberTests"/>
</testsuite> <!-- Default test -->
