<?xml version="1.0" encoding="UTF-8"?>
<testng-results skipped="0" failed="0" ignored="0" total="2" passed="2">
  <reporter-output>
  </reporter-output>
  <suite name="Default suite" duration-ms="30417" started-at="2020-04-16T14:54:02 IST" finished-at="2020-04-16T14:54:33 IST">
    <groups>
      <group name="cucumber">
        <method signature="AbstractTestNGCucumberTests.runScenario(io.cucumber.testng.PickleWrapper, io.cucumber.testng.FeatureWrapper)[pri:0, instance:com.github.frostyaxe.cucumber.runners.ExpediaCucumberTestRunner@536aaa8d]" name="runScenario" class="io.cucumber.testng.AbstractTestNGCucumberTests"/>
      </group> <!-- cucumber -->
    </groups>
    <test name="Default test" duration-ms="30417" started-at="2020-04-16T14:54:02 IST" finished-at="2020-04-16T14:54:33 IST">
      <class name="com.github.frostyaxe.cucumber.runners.ExpediaCucumberTestRunner">
        <test-method status="PASS" signature="setUpClass()[pri:0, instance:com.github.frostyaxe.cucumber.runners.ExpediaCucumberTestRunner@536aaa8d]" name="setUpClass" is-config="true" duration-ms="204" started-at="2020-04-16T14:54:03 IST" finished-at="2020-04-16T14:54:03 IST">
          <reporter-output>
          </reporter-output>
        </test-method> <!-- setUpClass -->
        <test-method status="PASS" signature="runScenario(io.cucumber.testng.PickleWrapper, io.cucumber.testng.FeatureWrapper)[pri:0, instance:com.github.frostyaxe.cucumber.runners.ExpediaCucumberTestRunner@536aaa8d]" name="runScenario" duration-ms="19734" started-at="2020-04-16T14:54:03 IST" description="Runs Cucumber Scenarios" data-provider="scenarios" finished-at="2020-04-16T14:54:22 IST">
          <params>
            <param index="0">
              <value>
                <![CDATA["Expedia Return Flight Search Functionality with correct data."]]>
              </value>
            </param>
            <param index="1">
              <value>
                <![CDATA["Expedia Flight Search"]]>
              </value>
            </param>
          </params>
          <reporter-output>
          </reporter-output>
        </test-method> <!-- runScenario -->
        <test-method status="PASS" signature="runScenario(io.cucumber.testng.PickleWrapper, io.cucumber.testng.FeatureWrapper)[pri:0, instance:com.github.frostyaxe.cucumber.runners.ExpediaCucumberTestRunner@536aaa8d]" name="runScenario" duration-ms="30121" started-at="2020-04-16T14:54:03 IST" description="Runs Cucumber Scenarios" data-provider="scenarios" finished-at="2020-04-16T14:54:33 IST">
          <params>
            <param index="0">
              <value>
                <![CDATA["Hotel Search with correct details"]]>
              </value>
            </param>
            <param index="1">
              <value>
                <![CDATA["Expedia Hotel Search"]]>
              </value>
            </param>
          </params>
          <reporter-output>
          </reporter-output>
        </test-method> <!-- runScenario -->
        <test-method status="PASS" signature="tearDownClass()[pri:0, instance:com.github.frostyaxe.cucumber.runners.ExpediaCucumberTestRunner@536aaa8d]" name="tearDownClass" is-config="true" duration-ms="60" started-at="2020-04-16T14:54:33 IST" finished-at="2020-04-16T14:54:33 IST">
          <reporter-output>
          </reporter-output>
        </test-method> <!-- tearDownClass -->
      </class> <!-- com.github.frostyaxe.cucumber.runners.ExpediaCucumberTestRunner -->
    </test> <!-- Default test -->
  </suite> <!-- Default suite -->
</testng-results>
